<?xml version="1.0" encoding="UTF-8"?>
<TestRun id="76a7e096-5906-46bf-b8cc-21c2520eadab" name="geoffrey@PACKARDBELL-PC 2010-02-22 20:33:53" runUser="PackardBell-PC\geoffrey" xmlns="http://microsoft.com/schemas/VisualStudio/TeamTest/2006">
  <TestRunConfiguration name="Default Run Configuration" id="89ac7b03-c9a8-43ad-a6ae-17fbc2edf759">
    <Deployment runDeploymentRoot="C:\Dev\MultiMVC\src\Test\BA.MultiTenantMVC.Tests\bin\Debug\TestResults\geoffrey_PACKARDBELL-PC 2010-02-22 20_33_53" />
    <Hosts skipUnhostableTests="false" />
    <TestTypeSpecific />
  </TestRunConfiguration>
  <ResultSummary outcome="Failed">
    <Counters total="21" executed="21" passed="12" error="0" failed="9" timeout="0" aborted="0" inconclusive="0" passedButRunAborted="0" notRunnable="0" notExecuted="0" disconnected="0" warning="0" completed="0" inProgress="0" pending="0" />
  </ResultSummary>
  <Times creation="2010-02-22T20:33:53.8550405+01:00" queuing="2010-02-22T20:33:54.5380796+01:00" start="2010-02-22T20:33:54.6160841+01:00" finish="2010-02-22T20:33:56.4371882+01:00" />
  <TestDefinitions>
    <UnitTest name="GetControllerInstance_ForHomeControllerAndContosoTenant_ControllerIsInstanceOfTypeContosoHomeController" storage="c:\dev\multimvc\src\test\ba.multitenantmvc.tests\bin\debug\ba.multitenantmvc.tests.dll" id="74780054-231b-a78a-7c2e-7aa82eaf94a9">
      <Css projectStructure="" iteration="" />
      <Execution timeOut="1800000" id="d6c15844-2e7d-46f2-8421-40cd62810652" />
      <Owners>
        <Owner name="" />
      </Owners>
      <TestMethod codeBase="C:/Dev/MultiMVC/src/Test/BA.MultiTenantMVC.Tests/bin/Debug/BA.MultiTenantMVC.Tests.DLL" adapterTypeName="Microsoft.VisualStudio.TestTools.TestTypes.Unit.UnitTestAdapter, Microsoft.VisualStudio.QualityTools.Tips.UnitTest.Adapter" className="BA.MultiMVC.Tests.ExtensionControllerFactoryTest, BA.MultiTenantMVC.Tests, Version=1.0.0.0, Culture=neutral, PublicKeyToken=null" name="GetControllerInstance_ForHomeControllerAndContosoTenant_ControllerIsInstanceOfTypeContosoHomeController" />
    </UnitTest>
    <UnitTest name="CreateUser_ForContoso_IsContosoUser" storage="c:\dev\multimvc\src\test\ba.multitenantmvc.tests\bin\debug\ba.multitenantmvc.tests.dll" id="eac830bf-42ac-a1ab-c5d7-1226d55175b4">
      <Css projectStructure="" iteration="" />
      <Execution timeOut="1800000" id="14f828e7-378e-4dc0-a9df-5b24b6bf5b26" />
      <Owners>
        <Owner name="" />
      </Owners>
      <TestMethod codeBase="C:/Dev/MultiMVC/src/Test/BA.MultiTenantMVC.Tests/bin/Debug/BA.MultiTenantMVC.Tests.DLL" adapterTypeName="Microsoft.VisualStudio.TestTools.TestTypes.Unit.UnitTestAdapter, Microsoft.VisualStudio.QualityTools.Tips.UnitTest.Adapter" className="BA.MultiMVC.Tests.DomainFactoryTest, BA.MultiTenantMVC.Tests, Version=1.0.0.0, Culture=neutral, PublicKeyToken=null" name="CreateUser_ForContoso_IsContosoUser" />
    </UnitTest>
    <UnitTest name="CreateDictionary_Add_ShouldAddTheStrings" storage="c:\dev\multimvc\src\test\ba.multitenantmvc.tests\bin\debug\ba.multitenantmvc.tests.dll" id="6977491b-d488-088a-b566-e97061c91c4a">
      <Css projectStructure="" iteration="" />
      <Execution timeOut="1800000" id="302d94f0-9b9d-41c5-a579-ed383966a2ed" />
      <Owners>
        <Owner name="" />
      </Owners>
      <TestMethod codeBase="C:/Dev/MultiMVC/src/Test/BA.MultiTenantMVC.Tests/bin/Debug/BA.MultiTenantMVC.Tests.DLL" adapterTypeName="Microsoft.VisualStudio.TestTools.TestTypes.Unit.UnitTestAdapter, Microsoft.VisualStudio.QualityTools.Tips.UnitTest.Adapter" className="BA.MultiMVC.Tests.SaasDictionayTest, BA.MultiTenantMVC.Tests, Version=1.0.0.0, Culture=neutral, PublicKeyToken=null" name="CreateDictionary_Add_ShouldAddTheStrings" />
    </UnitTest>
    <UnitTest name="CreateUser_ForDefault_IsUser" storage="c:\dev\multimvc\src\test\ba.multitenantmvc.tests\bin\debug\ba.multitenantmvc.tests.dll" id="272bf54a-acac-d788-eb12-590c02b176b5">
      <Css projectStructure="" iteration="" />
      <Execution timeOut="1800000" id="1fe6440b-1a9c-4233-84d0-36c19e11e523" />
      <Owners>
        <Owner name="" />
      </Owners>
      <TestMethod codeBase="C:/Dev/MultiMVC/src/Test/BA.MultiTenantMVC.Tests/bin/Debug/BA.MultiTenantMVC.Tests.DLL" adapterTypeName="Microsoft.VisualStudio.TestTools.TestTypes.Unit.UnitTestAdapter, Microsoft.VisualStudio.QualityTools.Tips.UnitTest.Adapter" className="BA.MultiMVC.Tests.DomainFactoryTest, BA.MultiTenantMVC.Tests, Version=1.0.0.0, Culture=neutral, PublicKeyToken=null" name="CreateUser_ForDefault_IsUser" />
    </UnitTest>
    <UnitTest name="CreateService_ForDefault_RepositoryIsUserRepository" storage="c:\dev\multimvc\src\test\ba.multitenantmvc.tests\bin\debug\ba.multitenantmvc.tests.dll" id="9bf9eb2a-1df1-b2be-dcd3-31bb05f8864a">
      <Css projectStructure="" iteration="" />
      <Execution timeOut="1800000" id="ad8e97f0-b275-4e92-9f5e-e652154f5f62" />
      <Owners>
        <Owner name="" />
      </Owners>
      <TestMethod codeBase="C:/Dev/MultiMVC/src/Test/BA.MultiTenantMVC.Tests/bin/Debug/BA.MultiTenantMVC.Tests.DLL" adapterTypeName="Microsoft.VisualStudio.TestTools.TestTypes.Unit.UnitTestAdapter, Microsoft.VisualStudio.QualityTools.Tips.UnitTest.Adapter" className="BA.MultiMVC.Tests.DomainFactoryTest, BA.MultiTenantMVC.Tests, Version=1.0.0.0, Culture=neutral, PublicKeyToken=null" name="CreateService_ForDefault_RepositoryIsUserRepository" />
    </UnitTest>
    <UnitTest name="GetControllerInstance_ForHomeControllerAndDefaultTenant_TenantContextIsNotNull" storage="c:\dev\multimvc\src\test\ba.multitenantmvc.tests\bin\debug\ba.multitenantmvc.tests.dll" id="9617ed05-64a7-6b9c-4e8c-e8f78dd3c8d6">
      <Css projectStructure="" iteration="" />
      <Execution timeOut="1800000" id="7dbe4cec-3beb-4f20-a414-8744f52928bd" />
      <Owners>
        <Owner name="" />
      </Owners>
      <TestMethod codeBase="C:/Dev/MultiMVC/src/Test/BA.MultiTenantMVC.Tests/bin/Debug/BA.MultiTenantMVC.Tests.DLL" adapterTypeName="Microsoft.VisualStudio.TestTools.TestTypes.Unit.UnitTestAdapter, Microsoft.VisualStudio.QualityTools.Tips.UnitTest.Adapter" className="BA.MultiMVC.Tests.ExtensionControllerFactoryTest, BA.MultiTenantMVC.Tests, Version=1.0.0.0, Culture=neutral, PublicKeyToken=null" name="GetControllerInstance_ForHomeControllerAndDefaultTenant_TenantContextIsNotNull" />
    </UnitTest>
    <UnitTest name="ScanControllersAndRepositoriesFromPath_WithRootPath_ShouldRegister_AtLeastOneDomainFactory" storage="c:\dev\multimvc\src\test\ba.multitenantmvc.tests\bin\debug\ba.multitenantmvc.tests.dll" id="41370bbb-1b31-c933-01b4-46fee4f05c3b">
      <Css projectStructure="" iteration="" />
      <Execution timeOut="1800000" id="a4092976-56f8-42f6-b1a5-2e386d1398e8" />
      <Owners>
        <Owner name="" />
      </Owners>
      <TestMethod codeBase="C:/Dev/MultiMVC/src/Test/BA.MultiTenantMVC.Tests/bin/Debug/BA.MultiTenantMVC.Tests.DLL" adapterTypeName="Microsoft.VisualStudio.TestTools.TestTypes.Unit.UnitTestAdapter, Microsoft.VisualStudio.QualityTools.Tips.UnitTest.Adapter" className="BA.MultiMVC.Tests.StructureMapConfigurationTest, BA.MultiTenantMVC.Tests, Version=1.0.0.0, Culture=neutral, PublicKeyToken=null" name="ScanControllersAndRepositoriesFromPath_WithRootPath_ShouldRegister_AtLeastOneDomainFactory" />
    </UnitTest>
    <UnitTest name="CreateService_ForContoso_IsContosoMembershipService" storage="c:\dev\multimvc\src\test\ba.multitenantmvc.tests\bin\debug\ba.multitenantmvc.tests.dll" id="466deb61-6b8f-484b-0d67-d9f1c3d5effb">
      <Css projectStructure="" iteration="" />
      <Execution timeOut="1800000" id="37a6d004-8fa6-4ca2-9c1c-d56acf4a2a19" />
      <Owners>
        <Owner name="" />
      </Owners>
      <TestMethod codeBase="C:/Dev/MultiMVC/src/Test/BA.MultiTenantMVC.Tests/bin/Debug/BA.MultiTenantMVC.Tests.DLL" adapterTypeName="Microsoft.VisualStudio.TestTools.TestTypes.Unit.UnitTestAdapter, Microsoft.VisualStudio.QualityTools.Tips.UnitTest.Adapter" className="BA.MultiMVC.Tests.DomainFactoryTest, BA.MultiTenantMVC.Tests, Version=1.0.0.0, Culture=neutral, PublicKeyToken=null" name="CreateService_ForContoso_IsContosoMembershipService" />
    </UnitTest>
    <UnitTest name="CreateRepository_ForDefault_IsUserRepository" storage="c:\dev\multimvc\src\test\ba.multitenantmvc.tests\bin\debug\ba.multitenantmvc.tests.dll" id="1e0f9e17-a645-d12c-c478-b3ab17705648">
      <Css projectStructure="" iteration="" />
      <Execution timeOut="1800000" id="2939b27f-1c55-45b7-b3da-fd9644add886" />
      <Owners>
        <Owner name="" />
      </Owners>
      <TestMethod codeBase="C:/Dev/MultiMVC/src/Test/BA.MultiTenantMVC.Tests/bin/Debug/BA.MultiTenantMVC.Tests.DLL" adapterTypeName="Microsoft.VisualStudio.TestTools.TestTypes.Unit.UnitTestAdapter, Microsoft.VisualStudio.QualityTools.Tips.UnitTest.Adapter" className="BA.MultiMVC.Tests.DomainFactoryTest, BA.MultiTenantMVC.Tests, Version=1.0.0.0, Culture=neutral, PublicKeyToken=null" name="CreateRepository_ForDefault_IsUserRepository" />
    </UnitTest>
    <UnitTest name="ShouldFindContosoHomeController" storage="c:\dev\multimvc\src\test\ba.multitenantmvc.tests\bin\debug\ba.multitenantmvc.tests.dll" id="f33bf186-c8e9-adf5-4736-c672e61b4f0f">
      <Css projectStructure="" iteration="" />
      <Execution timeOut="1800000" id="9177a280-0505-4a27-bc01-3922f3f9ab67" />
      <Owners>
        <Owner name="" />
      </Owners>
      <TestMethod codeBase="C:/Dev/MultiMVC/src/Test/BA.MultiTenantMVC.Tests/bin/Debug/BA.MultiTenantMVC.Tests.DLL" adapterTypeName="Microsoft.VisualStudio.TestTools.TestTypes.Unit.UnitTestAdapter, Microsoft.VisualStudio.QualityTools.Tips.UnitTest.Adapter" className="BA.MultiMVC.Tests.StructureMapConfigurationTest, BA.MultiTenantMVC.Tests, Version=1.0.0.0, Culture=neutral, PublicKeyToken=null" name="ShouldFindContosoHomeController" />
    </UnitTest>
    <UnitTest name="CreateService_ForContoso_RepositoryIsContosoUserRepository" storage="c:\dev\multimvc\src\test\ba.multitenantmvc.tests\bin\debug\ba.multitenantmvc.tests.dll" id="201cde19-fc37-31de-9f49-6937c7f83e42">
      <Css projectStructure="" iteration="" />
      <Execution timeOut="1800000" id="cdd109b6-cd22-4f13-a809-cd6fae3469de" />
      <Owners>
        <Owner name="" />
      </Owners>
      <TestMethod codeBase="C:/Dev/MultiMVC/src/Test/BA.MultiTenantMVC.Tests/bin/Debug/BA.MultiTenantMVC.Tests.DLL" adapterTypeName="Microsoft.VisualStudio.TestTools.TestTypes.Unit.UnitTestAdapter, Microsoft.VisualStudio.QualityTools.Tips.UnitTest.Adapter" className="BA.MultiMVC.Tests.DomainFactoryTest, BA.MultiTenantMVC.Tests, Version=1.0.0.0, Culture=neutral, PublicKeyToken=null" name="CreateService_ForContoso_RepositoryIsContosoUserRepository" />
    </UnitTest>
    <UnitTest name="What_do_we_have" storage="c:\dev\multimvc\src\test\ba.multitenantmvc.tests\bin\debug\ba.multitenantmvc.tests.dll" id="968d4ab7-7f28-27b4-f6f5-28726f78cf20">
      <Css projectStructure="" iteration="" />
      <Execution timeOut="1800000" id="805750f5-e98a-43c1-8ddb-5d77afe62360" />
      <Owners>
        <Owner name="" />
      </Owners>
      <TestMethod codeBase="C:/Dev/MultiMVC/src/Test/BA.MultiTenantMVC.Tests/bin/Debug/BA.MultiTenantMVC.Tests.DLL" adapterTypeName="Microsoft.VisualStudio.TestTools.TestTypes.Unit.UnitTestAdapter, Microsoft.VisualStudio.QualityTools.Tips.UnitTest.Adapter" className="BA.MultiMVC.Tests.StructureMapConfigurationTest, BA.MultiTenantMVC.Tests, Version=1.0.0.0, Culture=neutral, PublicKeyToken=null" name="What_do_we_have" />
    </UnitTest>
    <UnitTest name="CreateUserRepository_ForContoso_IsContosoUserRepository" storage="c:\dev\multimvc\src\test\ba.multitenantmvc.tests\bin\debug\ba.multitenantmvc.tests.dll" id="7ab60d42-7ab0-ed8f-0d1c-ccd96be3d5ee">
      <Css projectStructure="" iteration="" />
      <Execution timeOut="1800000" id="9c505dd2-b2bf-488e-9b68-67b0e1c99b9e" />
      <Owners>
        <Owner name="" />
      </Owners>
      <TestMethod codeBase="C:/Dev/MultiMVC/src/Test/BA.MultiTenantMVC.Tests/bin/Debug/BA.MultiTenantMVC.Tests.DLL" adapterTypeName="Microsoft.VisualStudio.TestTools.TestTypes.Unit.UnitTestAdapter, Microsoft.VisualStudio.QualityTools.Tips.UnitTest.Adapter" className="BA.MultiMVC.Tests.DomainFactoryTest, BA.MultiTenantMVC.Tests, Version=1.0.0.0, Culture=neutral, PublicKeyToken=null" name="CreateUserRepository_ForContoso_IsContosoUserRepository" />
    </UnitTest>
    <UnitTest name="GetControllerInstance_ForHomeControllerAndContosoTenant_TenantKeyIsContoso" storage="c:\dev\multimvc\src\test\ba.multitenantmvc.tests\bin\debug\ba.multitenantmvc.tests.dll" id="21e764d3-e098-a48b-17a0-8a2995ee957a">
      <Css projectStructure="" iteration="" />
      <Execution timeOut="1800000" id="1ca81853-d719-4bc3-9c38-6ec49518b592" />
      <Owners>
        <Owner name="" />
      </Owners>
      <TestMethod codeBase="C:/Dev/MultiMVC/src/Test/BA.MultiTenantMVC.Tests/bin/Debug/BA.MultiTenantMVC.Tests.DLL" adapterTypeName="Microsoft.VisualStudio.TestTools.TestTypes.Unit.UnitTestAdapter, Microsoft.VisualStudio.QualityTools.Tips.UnitTest.Adapter" className="BA.MultiMVC.Tests.ExtensionControllerFactoryTest, BA.MultiTenantMVC.Tests, Version=1.0.0.0, Culture=neutral, PublicKeyToken=null" name="GetControllerInstance_ForHomeControllerAndContosoTenant_TenantKeyIsContoso" />
    </UnitTest>
    <UnitTest name="ScanControllers_WithRootPath_ShouldRegister_AtLeastOneController" storage="c:\dev\multimvc\src\test\ba.multitenantmvc.tests\bin\debug\ba.multitenantmvc.tests.dll" id="d6f401b9-3c89-f670-fb4b-5e134be9097f">
      <Css projectStructure="" iteration="" />
      <Execution timeOut="1800000" id="a450e696-74e9-404f-94ba-ce6e5057076b" />
      <Owners>
        <Owner name="" />
      </Owners>
      <TestMethod codeBase="C:/Dev/MultiMVC/src/Test/BA.MultiTenantMVC.Tests/bin/Debug/BA.MultiTenantMVC.Tests.DLL" adapterTypeName="Microsoft.VisualStudio.TestTools.TestTypes.Unit.UnitTestAdapter, Microsoft.VisualStudio.QualityTools.Tips.UnitTest.Adapter" className="BA.MultiMVC.Tests.StructureMapConfigurationTest, BA.MultiTenantMVC.Tests, Version=1.0.0.0, Culture=neutral, PublicKeyToken=null" name="ScanControllers_WithRootPath_ShouldRegister_AtLeastOneController" />
    </UnitTest>
    <UnitTest name="CreateService_ForDefault_IsDefaultMembershipService" storage="c:\dev\multimvc\src\test\ba.multitenantmvc.tests\bin\debug\ba.multitenantmvc.tests.dll" id="2601727f-ce2b-715b-a86b-3a38b1862ee9">
      <Css projectStructure="" iteration="" />
      <Execution timeOut="1800000" id="a0d84aeb-ede3-4576-bd87-6f922f74f812" />
      <Owners>
        <Owner name="" />
      </Owners>
      <TestMethod codeBase="C:/Dev/MultiMVC/src/Test/BA.MultiTenantMVC.Tests/bin/Debug/BA.MultiTenantMVC.Tests.DLL" adapterTypeName="Microsoft.VisualStudio.TestTools.TestTypes.Unit.UnitTestAdapter, Microsoft.VisualStudio.QualityTools.Tips.UnitTest.Adapter" className="BA.MultiMVC.Tests.DomainFactoryTest, BA.MultiTenantMVC.Tests, Version=1.0.0.0, Culture=neutral, PublicKeyToken=null" name="CreateService_ForDefault_IsDefaultMembershipService" />
    </UnitTest>
    <UnitTest name="CreateRepository_ForDefault_IsNotNull" storage="c:\dev\multimvc\src\test\ba.multitenantmvc.tests\bin\debug\ba.multitenantmvc.tests.dll" id="3ae461d0-7830-58a0-d1fa-4251fd838c3b">
      <Css projectStructure="" iteration="" />
      <Execution timeOut="1800000" id="98bae69c-ecf2-484f-abb0-4a02eea5cd98" />
      <Owners>
        <Owner name="" />
      </Owners>
      <TestMethod codeBase="C:/Dev/MultiMVC/src/Test/BA.MultiTenantMVC.Tests/bin/Debug/BA.MultiTenantMVC.Tests.DLL" adapterTypeName="Microsoft.VisualStudio.TestTools.TestTypes.Unit.UnitTestAdapter, Microsoft.VisualStudio.QualityTools.Tips.UnitTest.Adapter" className="BA.MultiMVC.Tests.DomainFactoryTest, BA.MultiTenantMVC.Tests, Version=1.0.0.0, Culture=neutral, PublicKeyToken=null" name="CreateRepository_ForDefault_IsNotNull" />
    </UnitTest>
    <UnitTest name="CreateService_ForDefault_IsNotNull" storage="c:\dev\multimvc\src\test\ba.multitenantmvc.tests\bin\debug\ba.multitenantmvc.tests.dll" id="26cff7e5-89d0-3ea3-6153-34192d429328">
      <Css projectStructure="" iteration="" />
      <Execution timeOut="1800000" id="a35bd635-5de0-45b0-8d4f-7c1010305698" />
      <Owners>
        <Owner name="" />
      </Owners>
      <TestMethod codeBase="C:/Dev/MultiMVC/src/Test/BA.MultiTenantMVC.Tests/bin/Debug/BA.MultiTenantMVC.Tests.DLL" adapterTypeName="Microsoft.VisualStudio.TestTools.TestTypes.Unit.UnitTestAdapter, Microsoft.VisualStudio.QualityTools.Tips.UnitTest.Adapter" className="BA.MultiMVC.Tests.DomainFactoryTest, BA.MultiTenantMVC.Tests, Version=1.0.0.0, Culture=neutral, PublicKeyToken=null" name="CreateService_ForDefault_IsNotNull" />
    </UnitTest>
    <UnitTest name="ScanControllersAndRepositoriesFromPath_WithRootPath_ShouldRegister_AtLeastOneRepository" storage="c:\dev\multimvc\src\test\ba.multitenantmvc.tests\bin\debug\ba.multitenantmvc.tests.dll" id="54b69743-28b6-192c-da6e-067127b77c1a">
      <Css projectStructure="" iteration="" />
      <Execution timeOut="1800000" id="b760f1b3-010e-4637-aa3f-b96b6ba1b92c" />
      <Owners>
        <Owner name="" />
      </Owners>
      <TestMethod codeBase="C:/Dev/MultiMVC/src/Test/BA.MultiTenantMVC.Tests/bin/Debug/BA.MultiTenantMVC.Tests.DLL" adapterTypeName="Microsoft.VisualStudio.TestTools.TestTypes.Unit.UnitTestAdapter, Microsoft.VisualStudio.QualityTools.Tips.UnitTest.Adapter" className="BA.MultiMVC.Tests.StructureMapConfigurationTest, BA.MultiTenantMVC.Tests, Version=1.0.0.0, Culture=neutral, PublicKeyToken=null" name="ScanControllersAndRepositoriesFromPath_WithRootPath_ShouldRegister_AtLeastOneRepository" />
    </UnitTest>
    <UnitTest name="CreateDictionary_ShouldCreateNewDictionary" storage="c:\dev\multimvc\src\test\ba.multitenantmvc.tests\bin\debug\ba.multitenantmvc.tests.dll" id="29360171-b179-b2f4-7978-1333bb3055c5">
      <Css projectStructure="" iteration="" />
      <Execution timeOut="1800000" id="9268021a-a9d0-43a6-80cb-d80199b467f7" />
      <Owners>
        <Owner name="" />
      </Owners>
      <TestMethod codeBase="C:/Dev/MultiMVC/src/Test/BA.MultiTenantMVC.Tests/bin/Debug/BA.MultiTenantMVC.Tests.DLL" adapterTypeName="Microsoft.VisualStudio.TestTools.TestTypes.Unit.UnitTestAdapter, Microsoft.VisualStudio.QualityTools.Tips.UnitTest.Adapter" className="BA.MultiMVC.Tests.SaasDictionayTest, BA.MultiTenantMVC.Tests, Version=1.0.0.0, Culture=neutral, PublicKeyToken=null" name="CreateDictionary_ShouldCreateNewDictionary" />
    </UnitTest>
    <UnitTest name="GetControllerInstance_ForHomeControllerAndDefaultTenant_ControllerIsInstanceOfTypeHomeController" storage="c:\dev\multimvc\src\test\ba.multitenantmvc.tests\bin\debug\ba.multitenantmvc.tests.dll" id="2eac9276-4cee-7812-4dee-3e80efb5270e">
      <Css projectStructure="" iteration="" />
      <Execution timeOut="1800000" id="8f81ec56-e248-405f-807e-4567d2f230c0" />
      <Owners>
        <Owner name="" />
      </Owners>
      <TestMethod codeBase="C:/Dev/MultiMVC/src/Test/BA.MultiTenantMVC.Tests/bin/Debug/BA.MultiTenantMVC.Tests.DLL" adapterTypeName="Microsoft.VisualStudio.TestTools.TestTypes.Unit.UnitTestAdapter, Microsoft.VisualStudio.QualityTools.Tips.UnitTest.Adapter" className="BA.MultiMVC.Tests.ExtensionControllerFactoryTest, BA.MultiTenantMVC.Tests, Version=1.0.0.0, Culture=neutral, PublicKeyToken=null" name="GetControllerInstance_ForHomeControllerAndDefaultTenant_ControllerIsInstanceOfTypeHomeController" />
    </UnitTest>
  </TestDefinitions>
  <TestLists>
    <TestList name="Results Not in a List" id="8c84fa94-04c1-424b-9868-57a2d4851a1d" />
    <TestList name="All Loaded Results" id="19431567-8539-422a-85d7-44ee4e166bda" />
  </TestLists>
  <TestEntries>
    <TestEntry testId="3ae461d0-7830-58a0-d1fa-4251fd838c3b" executionId="98bae69c-ecf2-484f-abb0-4a02eea5cd98" testListId="8c84fa94-04c1-424b-9868-57a2d4851a1d" />
    <TestEntry testId="1e0f9e17-a645-d12c-c478-b3ab17705648" executionId="2939b27f-1c55-45b7-b3da-fd9644add886" testListId="8c84fa94-04c1-424b-9868-57a2d4851a1d" />
    <TestEntry testId="466deb61-6b8f-484b-0d67-d9f1c3d5effb" executionId="37a6d004-8fa6-4ca2-9c1c-d56acf4a2a19" testListId="8c84fa94-04c1-424b-9868-57a2d4851a1d" />
    <TestEntry testId="201cde19-fc37-31de-9f49-6937c7f83e42" executionId="cdd109b6-cd22-4f13-a809-cd6fae3469de" testListId="8c84fa94-04c1-424b-9868-57a2d4851a1d" />
    <TestEntry testId="2601727f-ce2b-715b-a86b-3a38b1862ee9" executionId="a0d84aeb-ede3-4576-bd87-6f922f74f812" testListId="8c84fa94-04c1-424b-9868-57a2d4851a1d" />
    <TestEntry testId="26cff7e5-89d0-3ea3-6153-34192d429328" executionId="a35bd635-5de0-45b0-8d4f-7c1010305698" testListId="8c84fa94-04c1-424b-9868-57a2d4851a1d" />
    <TestEntry testId="9bf9eb2a-1df1-b2be-dcd3-31bb05f8864a" executionId="ad8e97f0-b275-4e92-9f5e-e652154f5f62" testListId="8c84fa94-04c1-424b-9868-57a2d4851a1d" />
    <TestEntry testId="eac830bf-42ac-a1ab-c5d7-1226d55175b4" executionId="14f828e7-378e-4dc0-a9df-5b24b6bf5b26" testListId="8c84fa94-04c1-424b-9868-57a2d4851a1d" />
    <TestEntry testId="272bf54a-acac-d788-eb12-590c02b176b5" executionId="1fe6440b-1a9c-4233-84d0-36c19e11e523" testListId="8c84fa94-04c1-424b-9868-57a2d4851a1d" />
    <TestEntry testId="7ab60d42-7ab0-ed8f-0d1c-ccd96be3d5ee" executionId="9c505dd2-b2bf-488e-9b68-67b0e1c99b9e" testListId="8c84fa94-04c1-424b-9868-57a2d4851a1d" />
    <TestEntry testId="74780054-231b-a78a-7c2e-7aa82eaf94a9" executionId="d6c15844-2e7d-46f2-8421-40cd62810652" testListId="8c84fa94-04c1-424b-9868-57a2d4851a1d" />
    <TestEntry testId="21e764d3-e098-a48b-17a0-8a2995ee957a" executionId="1ca81853-d719-4bc3-9c38-6ec49518b592" testListId="8c84fa94-04c1-424b-9868-57a2d4851a1d" />
    <TestEntry testId="2eac9276-4cee-7812-4dee-3e80efb5270e" executionId="8f81ec56-e248-405f-807e-4567d2f230c0" testListId="8c84fa94-04c1-424b-9868-57a2d4851a1d" />
    <TestEntry testId="9617ed05-64a7-6b9c-4e8c-e8f78dd3c8d6" executionId="7dbe4cec-3beb-4f20-a414-8744f52928bd" testListId="8c84fa94-04c1-424b-9868-57a2d4851a1d" />
    <TestEntry testId="6977491b-d488-088a-b566-e97061c91c4a" executionId="302d94f0-9b9d-41c5-a579-ed383966a2ed" testListId="8c84fa94-04c1-424b-9868-57a2d4851a1d" />
    <TestEntry testId="29360171-b179-b2f4-7978-1333bb3055c5" executionId="9268021a-a9d0-43a6-80cb-d80199b467f7" testListId="8c84fa94-04c1-424b-9868-57a2d4851a1d" />
    <TestEntry testId="d6f401b9-3c89-f670-fb4b-5e134be9097f" executionId="a450e696-74e9-404f-94ba-ce6e5057076b" testListId="8c84fa94-04c1-424b-9868-57a2d4851a1d" />
    <TestEntry testId="41370bbb-1b31-c933-01b4-46fee4f05c3b" executionId="a4092976-56f8-42f6-b1a5-2e386d1398e8" testListId="8c84fa94-04c1-424b-9868-57a2d4851a1d" />
    <TestEntry testId="54b69743-28b6-192c-da6e-067127b77c1a" executionId="b760f1b3-010e-4637-aa3f-b96b6ba1b92c" testListId="8c84fa94-04c1-424b-9868-57a2d4851a1d" />
    <TestEntry testId="f33bf186-c8e9-adf5-4736-c672e61b4f0f" executionId="9177a280-0505-4a27-bc01-3922f3f9ab67" testListId="8c84fa94-04c1-424b-9868-57a2d4851a1d" />
    <TestEntry testId="968d4ab7-7f28-27b4-f6f5-28726f78cf20" executionId="805750f5-e98a-43c1-8ddb-5d77afe62360" testListId="8c84fa94-04c1-424b-9868-57a2d4851a1d" />
  </TestEntries>
  <Results>
    <UnitTestResult executionId="98bae69c-ecf2-484f-abb0-4a02eea5cd98" testId="3ae461d0-7830-58a0-d1fa-4251fd838c3b" testName="CreateRepository_ForDefault_IsNotNull" computerName="PACKARDBELL-PC" duration="00:00:00.7261581" startTime="2010-02-22T20:33:54.6610866+01:00" endTime="2010-02-22T20:33:55.4841337+01:00" testType="13cdc9d9-ddb5-4fa4-a97d-d965ccfc6d4b" outcome="Passed" testListId="8c84fa94-04c1-424b-9868-57a2d4851a1d">
      <Output>
      </Output>
    </UnitTestResult>
    <UnitTestResult executionId="2939b27f-1c55-45b7-b3da-fd9644add886" testId="1e0f9e17-a645-d12c-c478-b3ab17705648" testName="CreateRepository_ForDefault_IsUserRepository" computerName="PACKARDBELL-PC" duration="00:00:00.0120645" startTime="2010-02-22T20:33:55.4851338+01:00" endTime="2010-02-22T20:33:55.4981345+01:00" testType="13cdc9d9-ddb5-4fa4-a97d-d965ccfc6d4b" outcome="Passed" testListId="8c84fa94-04c1-424b-9868-57a2d4851a1d">
      <Output>
      </Output>
    </UnitTestResult>
    <UnitTestResult executionId="37a6d004-8fa6-4ca2-9c1c-d56acf4a2a19" testId="466deb61-6b8f-484b-0d67-d9f1c3d5effb" testName="CreateService_ForContoso_IsContosoMembershipService" computerName="PACKARDBELL-PC" duration="00:00:00.1100611" startTime="2010-02-22T20:33:55.4991346+01:00" endTime="2010-02-22T20:33:55.6101409+01:00" testType="13cdc9d9-ddb5-4fa4-a97d-d965ccfc6d4b" outcome="Failed" testListId="8c84fa94-04c1-424b-9868-57a2d4851a1d">
      <Output>
        <ErrorInfo>
          <Message>Assert.IsInstanceOfType failed. Expected type:&lt;BA.MultiMVC.Sample.Extensions.Contoso.Infrastructure.ContosoMembershipService&gt;. Actual type:&lt;BA.MultiMVC.Sample.Models.Infrastructure.MembershipService&gt;.</Message>
          <StackTrace>   at BA.MultiMVC.ParametrizedTest.TenantFactoryTest.CreateServiceAssertIsInstanceOfType(Type requestedType, Type expectedType) in C:\Dev\MultiMVC\src\Framework\ParametrizedTest\TenantFactoryTest.cs:line 39
   at BA.MultiMVC.Tests.DomainFactoryTest.CreateService_ForContoso_IsContosoMembershipService() in C:\Dev\MultiMVC\src\Test\BA.MultiTenantMVC.Tests\DomainFactoryTest.cs:line 78
</StackTrace>
        </ErrorInfo>
      </Output>
    </UnitTestResult>
    <UnitTestResult executionId="cdd109b6-cd22-4f13-a809-cd6fae3469de" testId="201cde19-fc37-31de-9f49-6937c7f83e42" testName="CreateService_ForContoso_RepositoryIsContosoUserRepository" computerName="PACKARDBELL-PC" duration="00:00:00.0113060" startTime="2010-02-22T20:33:55.6101409+01:00" endTime="2010-02-22T20:33:55.6231417+01:00" testType="13cdc9d9-ddb5-4fa4-a97d-d965ccfc6d4b" outcome="Failed" testListId="8c84fa94-04c1-424b-9868-57a2d4851a1d">
      <Output>
        <ErrorInfo>
          <Message>Assert.IsInstanceOfType failed. Expected type:&lt;BA.MultiMVC.Sample.Extensions.Contoso.Infrastructure.ContosoUserRepository&gt;. Actual type:&lt;BA.MultiMVC.Sample.Models.Infrastructure.UserRepository&gt;.</Message>
          <StackTrace>   at BA.MultiMVC.ParametrizedTest.TenantFactoryTest.CreateServiceAssertRepositoryIsInstanceOfType(Type requestedType, Type expectedType) in C:\Dev\MultiMVC\src\Framework\ParametrizedTest\TenantFactoryTest.cs:line 73
   at BA.MultiMVC.Tests.DomainFactoryTest.CreateService_ForContoso_RepositoryIsContosoUserRepository() in C:\Dev\MultiMVC\src\Test\BA.MultiTenantMVC.Tests\DomainFactoryTest.cs:line 98
</StackTrace>
        </ErrorInfo>
      </Output>
    </UnitTestResult>
    <UnitTestResult executionId="a0d84aeb-ede3-4576-bd87-6f922f74f812" testId="2601727f-ce2b-715b-a86b-3a38b1862ee9" testName="CreateService_ForDefault_IsDefaultMembershipService" computerName="PACKARDBELL-PC" duration="00:00:00.0074233" startTime="2010-02-22T20:33:55.6241417+01:00" endTime="2010-02-22T20:33:55.6321422+01:00" testType="13cdc9d9-ddb5-4fa4-a97d-d965ccfc6d4b" outcome="Passed" testListId="8c84fa94-04c1-424b-9868-57a2d4851a1d">
      <Output>
      </Output>
    </UnitTestResult>
    <UnitTestResult executionId="a35bd635-5de0-45b0-8d4f-7c1010305698" testId="26cff7e5-89d0-3ea3-6153-34192d429328" testName="CreateService_ForDefault_IsNotNull" computerName="PACKARDBELL-PC" duration="00:00:00.0071570" startTime="2010-02-22T20:33:55.6321422+01:00" endTime="2010-02-22T20:33:55.6401426+01:00" testType="13cdc9d9-ddb5-4fa4-a97d-d965ccfc6d4b" outcome="Passed" testListId="8c84fa94-04c1-424b-9868-57a2d4851a1d">
      <Output>
      </Output>
    </UnitTestResult>
    <UnitTestResult executionId="ad8e97f0-b275-4e92-9f5e-e652154f5f62" testId="9bf9eb2a-1df1-b2be-dcd3-31bb05f8864a" testName="CreateService_ForDefault_RepositoryIsUserRepository" computerName="PACKARDBELL-PC" duration="00:00:00.0074657" startTime="2010-02-22T20:33:55.6401426+01:00" endTime="2010-02-22T20:33:55.6481431+01:00" testType="13cdc9d9-ddb5-4fa4-a97d-d965ccfc6d4b" outcome="Passed" testListId="8c84fa94-04c1-424b-9868-57a2d4851a1d">
      <Output>
      </Output>
    </UnitTestResult>
    <UnitTestResult executionId="14f828e7-378e-4dc0-a9df-5b24b6bf5b26" testId="eac830bf-42ac-a1ab-c5d7-1226d55175b4" testName="CreateUser_ForContoso_IsContosoUser" computerName="PACKARDBELL-PC" duration="00:00:00.0083640" startTime="2010-02-22T20:33:55.6491432+01:00" endTime="2010-02-22T20:33:55.6581437+01:00" testType="13cdc9d9-ddb5-4fa4-a97d-d965ccfc6d4b" outcome="Failed" testListId="8c84fa94-04c1-424b-9868-57a2d4851a1d">
      <Output>
        <ErrorInfo>
          <Message>Assert.IsInstanceOfType failed. Expected type:&lt;BA.MultiMVC.Sample.Extensions.Domain.ContosoUser&gt;. Actual type:&lt;BA.MultiMVC.Sample.Models.Domain.User&gt;.</Message>
          <StackTrace>   at BA.MultiMVC.ParametrizedTest.TenantFactoryTest.CreateModelAssertIsInstanceOfType(Type requestedType, Type expectedType) in C:\Dev\MultiMVC\src\Framework\ParametrizedTest\TenantFactoryTest.cs:line 57
   at BA.MultiMVC.Tests.DomainFactoryTest.CreateUser_ForContoso_IsContosoUser() in C:\Dev\MultiMVC\src\Test\BA.MultiTenantMVC.Tests\DomainFactoryTest.cs:line 118
</StackTrace>
        </ErrorInfo>
      </Output>
    </UnitTestResult>
    <UnitTestResult executionId="1fe6440b-1a9c-4233-84d0-36c19e11e523" testId="272bf54a-acac-d788-eb12-590c02b176b5" testName="CreateUser_ForDefault_IsUser" computerName="PACKARDBELL-PC" duration="00:00:00.0069919" startTime="2010-02-22T20:33:55.6591437+01:00" endTime="2010-02-22T20:33:55.6661441+01:00" testType="13cdc9d9-ddb5-4fa4-a97d-d965ccfc6d4b" outcome="Passed" testListId="8c84fa94-04c1-424b-9868-57a2d4851a1d">
      <Output>
      </Output>
    </UnitTestResult>
    <UnitTestResult executionId="9c505dd2-b2bf-488e-9b68-67b0e1c99b9e" testId="7ab60d42-7ab0-ed8f-0d1c-ccd96be3d5ee" testName="CreateUserRepository_ForContoso_IsContosoUserRepository" computerName="PACKARDBELL-PC" duration="00:00:00.0071369" startTime="2010-02-22T20:33:55.6671442+01:00" endTime="2010-02-22T20:33:55.6741446+01:00" testType="13cdc9d9-ddb5-4fa4-a97d-d965ccfc6d4b" outcome="Failed" testListId="8c84fa94-04c1-424b-9868-57a2d4851a1d">
      <Output>
        <ErrorInfo>
          <Message>Assert.IsInstanceOfType failed. Expected type:&lt;BA.MultiMVC.Sample.Extensions.Contoso.Infrastructure.ContosoUserRepository&gt;. Actual type:&lt;BA.MultiMVC.Sample.Models.Infrastructure.UserRepository&gt;.</Message>
          <StackTrace>   at BA.MultiMVC.ParametrizedTest.TenantFactoryTest.CreateRepositoryAssertIsInstanceOfType(Type requestedType, Type expectedType) in C:\Dev\MultiMVC\src\Framework\ParametrizedTest\TenantFactoryTest.cs:line 21
   at BA.MultiMVC.Tests.DomainFactoryTest.CreateUserRepository_ForContoso_IsContosoUserRepository() in C:\Dev\MultiMVC\src\Test\BA.MultiTenantMVC.Tests\DomainFactoryTest.cs:line 51
</StackTrace>
        </ErrorInfo>
      </Output>
    </UnitTestResult>
    <UnitTestResult executionId="d6c15844-2e7d-46f2-8421-40cd62810652" testId="74780054-231b-a78a-7c2e-7aa82eaf94a9" testName="GetControllerInstance_ForHomeControllerAndContosoTenant_ControllerIsInstanceOfTypeContosoHomeController" computerName="PACKARDBELL-PC" duration="00:00:00.6248163" startTime="2010-02-22T20:33:55.6751446+01:00" endTime="2010-02-22T20:33:56.3011804+01:00" testType="13cdc9d9-ddb5-4fa4-a97d-d965ccfc6d4b" outcome="Failed" testListId="8c84fa94-04c1-424b-9868-57a2d4851a1d">
      <Output>
        <ErrorInfo>
          <Message>Assert.IsInstanceOfType failed. Expected type:&lt;BA.MultiMVC.Sample.Extensions.Contoso.Controllers.ContosoHomeController&gt;. Actual type:&lt;BA.MultiMVC.Sample.Controllers.HomeController&gt;.</Message>
          <StackTrace>   at BA.MultiMVC.Tests.ExtensionControllerFactoryTest.GetControllerInstance_ForHomeControllerAndContosoTenant_ControllerIsInstanceOfTypeContosoHomeController() in C:\Dev\MultiMVC\src\Test\BA.MultiTenantMVC.Tests\ExtensionControllerFactoryTest.cs:line 41
</StackTrace>
        </ErrorInfo>
      </Output>
    </UnitTestResult>
    <UnitTestResult executionId="1ca81853-d719-4bc3-9c38-6ec49518b592" testId="21e764d3-e098-a48b-17a0-8a2995ee957a" testName="GetControllerInstance_ForHomeControllerAndContosoTenant_TenantKeyIsContoso" computerName="PACKARDBELL-PC" duration="00:00:00.0150468" startTime="2010-02-22T20:33:56.3011804+01:00" endTime="2010-02-22T20:33:56.3181814+01:00" testType="13cdc9d9-ddb5-4fa4-a97d-d965ccfc6d4b" outcome="Passed" testListId="8c84fa94-04c1-424b-9868-57a2d4851a1d">
      <Output>
      </Output>
    </UnitTestResult>
    <UnitTestResult executionId="8f81ec56-e248-405f-807e-4567d2f230c0" testId="2eac9276-4cee-7812-4dee-3e80efb5270e" testName="GetControllerInstance_ForHomeControllerAndDefaultTenant_ControllerIsInstanceOfTypeHomeController" computerName="PACKARDBELL-PC" duration="00:00:00.0068474" startTime="2010-02-22T20:33:56.3181814+01:00" endTime="2010-02-22T20:33:56.3261819+01:00" testType="13cdc9d9-ddb5-4fa4-a97d-d965ccfc6d4b" outcome="Passed" testListId="8c84fa94-04c1-424b-9868-57a2d4851a1d">
      <Output>
      </Output>
    </UnitTestResult>
    <UnitTestResult executionId="7dbe4cec-3beb-4f20-a414-8744f52928bd" testId="9617ed05-64a7-6b9c-4e8c-e8f78dd3c8d6" testName="GetControllerInstance_ForHomeControllerAndDefaultTenant_TenantContextIsNotNull" computerName="PACKARDBELL-PC" duration="00:00:00.0071236" startTime="2010-02-22T20:33:56.3261819+01:00" endTime="2010-02-22T20:33:56.3341823+01:00" testType="13cdc9d9-ddb5-4fa4-a97d-d965ccfc6d4b" outcome="Passed" testListId="8c84fa94-04c1-424b-9868-57a2d4851a1d">
      <Output>
      </Output>
    </UnitTestResult>
    <UnitTestResult executionId="302d94f0-9b9d-41c5-a579-ed383966a2ed" testId="6977491b-d488-088a-b566-e97061c91c4a" testName="CreateDictionary_Add_ShouldAddTheStrings" computerName="PACKARDBELL-PC" duration="00:00:00.0021724" startTime="2010-02-22T20:33:56.3351824+01:00" endTime="2010-02-22T20:33:56.3371825+01:00" testType="13cdc9d9-ddb5-4fa4-a97d-d965ccfc6d4b" outcome="Passed" testListId="8c84fa94-04c1-424b-9868-57a2d4851a1d">
      <Output>
      </Output>
    </UnitTestResult>
    <UnitTestResult executionId="9268021a-a9d0-43a6-80cb-d80199b467f7" testId="29360171-b179-b2f4-7978-1333bb3055c5" testName="CreateDictionary_ShouldCreateNewDictionary" computerName="PACKARDBELL-PC" duration="00:00:00.0001599" startTime="2010-02-22T20:33:56.3381826+01:00" endTime="2010-02-22T20:33:56.3381826+01:00" testType="13cdc9d9-ddb5-4fa4-a97d-d965ccfc6d4b" outcome="Passed" testListId="8c84fa94-04c1-424b-9868-57a2d4851a1d">
      <Output>
      </Output>
    </UnitTestResult>
    <UnitTestResult executionId="a450e696-74e9-404f-94ba-ce6e5057076b" testId="d6f401b9-3c89-f670-fb4b-5e134be9097f" testName="ScanControllers_WithRootPath_ShouldRegister_AtLeastOneController" computerName="PACKARDBELL-PC" duration="00:00:00.0077111" startTime="2010-02-22T20:33:56.3391826+01:00" endTime="2010-02-22T20:33:56.3471831+01:00" testType="13cdc9d9-ddb5-4fa4-a97d-d965ccfc6d4b" outcome="Failed" testListId="8c84fa94-04c1-424b-9868-57a2d4851a1d">
      <Output>
        <ErrorInfo>
          <Message>Assert.IsTrue failed. Not one Controller was found!</Message>
          <StackTrace>   at BA.MultiMVC.Tests.StructureMapConfigurationTest.ScanControllers_WithRootPath_ShouldRegister_AtLeastOneController() in C:\Dev\MultiMVC\src\Test\BA.MultiTenantMVC.Tests\StructureMapConfigurationTest.cs:line 52
</StackTrace>
        </ErrorInfo>
      </Output>
    </UnitTestResult>
    <UnitTestResult executionId="a4092976-56f8-42f6-b1a5-2e386d1398e8" testId="41370bbb-1b31-c933-01b4-46fee4f05c3b" testName="ScanControllersAndRepositoriesFromPath_WithRootPath_ShouldRegister_AtLeastOneDomainFactory" computerName="PACKARDBELL-PC" duration="00:00:00.0064032" startTime="2010-02-22T20:33:56.3481831+01:00" endTime="2010-02-22T20:33:56.3551835+01:00" testType="13cdc9d9-ddb5-4fa4-a97d-d965ccfc6d4b" outcome="Failed" testListId="8c84fa94-04c1-424b-9868-57a2d4851a1d">
      <Output>
        <ErrorInfo>
          <Message>Assert.IsTrue failed. Not one Repository was found!</Message>
          <StackTrace>   at BA.MultiMVC.Tests.StructureMapConfigurationTest.ScanControllersAndRepositoriesFromPath_WithRootPath_ShouldRegister_AtLeastOneDomainFactory() in C:\Dev\MultiMVC\src\Test\BA.MultiTenantMVC.Tests\StructureMapConfigurationTest.cs:line 64
</StackTrace>
        </ErrorInfo>
      </Output>
    </UnitTestResult>
    <UnitTestResult executionId="b760f1b3-010e-4637-aa3f-b96b6ba1b92c" testId="54b69743-28b6-192c-da6e-067127b77c1a" testName="ScanControllersAndRepositoriesFromPath_WithRootPath_ShouldRegister_AtLeastOneRepository" computerName="PACKARDBELL-PC" duration="00:00:00.0060179" startTime="2010-02-22T20:33:56.3551835+01:00" endTime="2010-02-22T20:33:56.3621839+01:00" testType="13cdc9d9-ddb5-4fa4-a97d-d965ccfc6d4b" outcome="Failed" testListId="8c84fa94-04c1-424b-9868-57a2d4851a1d">
      <Output>
        <ErrorInfo>
          <Message>Assert.IsTrue failed. Not one Repository was found!</Message>
          <StackTrace>   at BA.MultiMVC.Tests.StructureMapConfigurationTest.ScanControllersAndRepositoriesFromPath_WithRootPath_ShouldRegister_AtLeastOneRepository() in C:\Dev\MultiMVC\src\Test\BA.MultiTenantMVC.Tests\StructureMapConfigurationTest.cs:line 76
</StackTrace>
        </ErrorInfo>
      </Output>
    </UnitTestResult>
    <UnitTestResult executionId="9177a280-0505-4a27-bc01-3922f3f9ab67" testId="f33bf186-c8e9-adf5-4736-c672e61b4f0f" testName="ShouldFindContosoHomeController" computerName="PACKARDBELL-PC" duration="00:00:00.0123502" startTime="2010-02-22T20:33:56.3621839+01:00" endTime="2010-02-22T20:33:56.3751847+01:00" testType="13cdc9d9-ddb5-4fa4-a97d-d965ccfc6d4b" outcome="Failed" testListId="8c84fa94-04c1-424b-9868-57a2d4851a1d">
      <Output>
        <ErrorInfo>
          <Message>Test method BA.MultiMVC.Tests.StructureMapConfigurationTest.ShouldFindContosoHomeController threw exception:  StructureMap.StructureMapException: StructureMap Exception Code:  200
Could not find an Instance named "ContosoHome" for PluginType BA.MultiMVC.Core.BaseController.</Message>
          <StackTrace>    at StructureMap.BuildSession.CreateInstance(Type pluginType, String name)
   at StructureMap.ObjectFactory.GetNamedInstance(Type pluginType, String name)
   at BA.MultiMVC.Tests.StructureMapConfigurationTest.ShouldFindContosoHomeController() in C:\Dev\MultiMVC\src\Test\BA.MultiTenantMVC.Tests\StructureMapConfigurationTest.cs:line 36
</StackTrace>
        </ErrorInfo>
      </Output>
    </UnitTestResult>
    <UnitTestResult executionId="805750f5-e98a-43c1-8ddb-5d77afe62360" testId="968d4ab7-7f28-27b4-f6f5-28726f78cf20" testName="What_do_we_have" computerName="PACKARDBELL-PC" duration="00:00:00.0218028" startTime="2010-02-22T20:33:56.3751847+01:00" endTime="2010-02-22T20:33:56.3981860+01:00" testType="13cdc9d9-ddb5-4fa4-a97d-d965ccfc6d4b" outcome="Passed" testListId="8c84fa94-04c1-424b-9868-57a2d4851a1d">
      <Output>
        <DebugTrace>===========================================================================================================
Configuration Sources:

0)   Registry:  StructureMap.InitializationExpression,StructureMap
1)   Registry:  BA.MultiMVC.Sample.SampleRegistry,BA.MultiTenantMVC.Sample


=============================================================================================================================================================================================================================================================================================================================================================================================
PluginType                                                                           Name                                                                                                                                              Description                                                                                                                                           
---------------------------------------------------------------------------------------------------------------------------------------------------------------------------------------------------------------------------------------------------------------------------------------------------------------------------------------------------------------------------------------------
User (BA.MultiMVC.Sample.Models.Domain.User)                                         BA.MultiMVC.Sample.Models.Domain.User, BA.MultiTenantMVC.Sample, Version=1.0.0.0, Culture=neutral, PublicKeyToken=null                            BA.MultiMVC.Sample.Models.Domain.User, BA.MultiTenantMVC.Sample, Version=1.0.0.0, Culture=neutral, PublicKeyToken=null                                
Scoped as:  PerRequest

---------------------------------------------------------------------------------------------------------------------------------------------------------------------------------------------------------------------------------------------------------------------------------------------------------------------------------------------------------------------------------------------
IMembershipService (BA.MultiMVC.Sample.Models.Infrastructure.IMembershipService)     BA.MultiMVC.Sample.Models.Infrastructure.MembershipService, BA.MultiTenantMVC.Sample, Version=1.0.0.0, Culture=neutral, PublicKeyToken=null       Configured BA.MultiMVC.Sample.Models.Infrastructure.MembershipService, BA.MultiTenantMVC.Sample, Version=1.0.0.0, Culture=neutral, PublicKeyToken=null
Scoped as:  PerRequest

---------------------------------------------------------------------------------------------------------------------------------------------------------------------------------------------------------------------------------------------------------------------------------------------------------------------------------------------------------------------------------------------
IUserRepository (BA.MultiMVC.Sample.Models.Infrastructure.IUserRepository)           BA.MultiMVC.Sample.Models.Infrastructure.UserRepository, BA.MultiTenantMVC.Sample, Version=1.0.0.0, Culture=neutral, PublicKeyToken=null          BA.MultiMVC.Sample.Models.Infrastructure.UserRepository, BA.MultiTenantMVC.Sample, Version=1.0.0.0, Culture=neutral, PublicKeyToken=null              
Scoped as:  PerRequest

---------------------------------------------------------------------------------------------------------------------------------------------------------------------------------------------------------------------------------------------------------------------------------------------------------------------------------------------------------------------------------------------
IRessourceProvider (BA.MultiMVC.Ressources.IRessourceProvider)                       BA.MultiMVC.Sample.Models.Infrastructure.RessourceRepository, BA.MultiTenantMVC.Sample, Version=1.0.0.0, Culture=neutral, PublicKeyToken=null     BA.MultiMVC.Sample.Models.Infrastructure.RessourceRepository, BA.MultiTenantMVC.Sample, Version=1.0.0.0, Culture=neutral, PublicKeyToken=null         
Scoped as:  PerRequest

---------------------------------------------------------------------------------------------------------------------------------------------------------------------------------------------------------------------------------------------------------------------------------------------------------------------------------------------------------------------------------------------
IContainer (StructureMap.IContainer)                                                 0b9f4ae4-1dc3-4873-b652-74468eb5e583                                                                                                              Object:  StructureMap.Container                                                                                                                       
Scoped as:  PerRequest

=============================================================================================================================================================================================================================================================================================================================================================================================
</DebugTrace>
      </Output>
    </UnitTestResult>
  </Results>
</TestRun>